[INFO] Scanning for projects...
[INFO] 
[INFO] --------------------< com.djcodes.spring:demo-app >---------------------
[INFO] Building demo-app 0.0.1-SNAPSHOT
[INFO] --------------------------------[ jar ]---------------------------------
[INFO] 
[INFO] --- maven-clean-plugin:3.1.0:clean (default-clean) @ demo-app ---
[INFO] Deleting C:\Github\demo-app\target
[INFO] 
[INFO] --- jacoco-maven-plugin:0.8.2:prepare-agent (default) @ demo-app ---
[INFO] argLine set to -javaagent:C:\\Users\\dhananjay\\.m2\\repository\\org\\jacoco\\org.jacoco.agent\\0.8.2\\org.jacoco.agent-0.8.2-runtime.jar=destfile=C:\\Github\\demo-app\\target\\jacoco.exec
[INFO] 
[INFO] --- maven-resources-plugin:3.1.0:resources (default-resources) @ demo-app ---
[INFO] Using 'UTF-8' encoding to copy filtered resources.
[INFO] Copying 1 resource
[INFO] Copying 0 resource
[INFO] 
[INFO] --- maven-compiler-plugin:3.8.1:compile (default-compile) @ demo-app ---
[INFO] Changes detected - recompiling the module!
[INFO] Compiling 5 source files to C:\Github\demo-app\target\classes
[INFO] ------------------------------------------------------------------------
[INFO] BUILD FAILURE
[INFO] ------------------------------------------------------------------------
[INFO] Total time:  1.926 s
[INFO] Finished at: 2020-04-08T23:57:07+02:00
[INFO] ------------------------------------------------------------------------
[ERROR] Failed to execute goal org.apache.maven.plugins:maven-compiler-plugin:3.8.1:compile (default-compile) on project demo-app: Fatal error compiling: invalid target release: 11 -> [Help 1]
[ERROR] 
[ERROR] To see the full stack trace of the errors, re-run Maven with the -e switch.
[ERROR] Re-run Maven using the -X switch to enable full debug logging.
[ERROR] 
[ERROR] For more information about the errors and possible solutions, please read the following articles:
[ERROR] [Help 1] http://cwiki.apache.org/confluence/display/MAVEN/MojoExecutionException
